<?xml version="1.0" encoding="UTF-8"?>
<!-- Generated by org.testng.reporters.JUnitReportReporter -->
<testsuite hostname="LAYA" failures="0" tests="4" name="testCases.TC003_LoginDDT" time="11.165" errors="0" timestamp="2025-01-30T15:18:49 IST" skipped="0">
  <testcase classname="testCases.TC003_LoginDDT" name="verify_LoginDDT" time="3.919"/>
  <testcase classname="testCases.TC003_LoginDDT" name="verify_LoginDDT" time="1.575"/>
  <testcase classname="testCases.TC003_LoginDDT" name="verify_LoginDDT" time="1.788"/>
  <testcase classname="testCases.TC003_LoginDDT" name="verify_LoginDDT" time="3.883"/>
</testsuite> <!-- testCases.TC003_LoginDDT -->
