<?xml version="1.0" encoding="UTF-8"?>
<!-- Generated by org.testng.reporters.JUnitReportReporter -->
<testsuite hostname="LAYA" failures="0" tests="1" name="testCases.TC002_LoginTest" time="1.434" errors="0" timestamp="2025-01-30T15:18:49 IST" skipped="0">
  <testcase classname="testCases.TC002_LoginTest" name="verify_Login" time="1.434"/>
</testsuite> <!-- testCases.TC002_LoginTest -->
