<?xml version="1.0" encoding="UTF-8"?>
<!-- Generated by org.testng.reporters.JUnitReportReporter -->
<testsuite hostname="LAYA" failures="0" tests="4" name="testCases.TC003_LoginDDT" time="11.773" errors="0" timestamp="2025-01-30T20:08:47 IST" skipped="0">
  <testcase classname="testCases.TC003_LoginDDT" name="verify_LoginDDT" time="1.692"/>
  <testcase classname="testCases.TC003_LoginDDT" name="verify_LoginDDT" time="4.228"/>
  <testcase classname="testCases.TC003_LoginDDT" name="verify_LoginDDT" time="1.775"/>
  <testcase classname="testCases.TC003_LoginDDT" name="verify_LoginDDT" time="4.078"/>
</testsuite> <!-- testCases.TC003_LoginDDT -->
